<?xml version="1.0" encoding="UTF-8"?>
<!-- Generated by org.testng.reporters.JUnitReportReporter -->
<testsuite hostname="BVAHDWS137" name="testAnt.Guru99AntClass" tests="1" failures="0" timestamp="28 May 2015 08:34:32 GMT" time="0.015" errors="0">
  <testcase name="Guru99AntTestNGMethod" time="0.015" classname="testAnt.Guru99AntClass"/>
</testsuite> <!-- testAnt.Guru99AntClass -->
